2025-01-13 14:32:02,470 - INFO - Logging is set up.
2025-01-13 14:32:02,471 - INFO - Loading datasets...
2025-01-13 14:32:02,926 - WARNING - Could not process created_at column for account age calculation
2025-01-13 14:32:02,926 - INFO - Using features: ['statuses_count', 'followers_count', 'friends_count', 'favourites_count', 'listed_count', 'default_profile', 'default_profile_image', 'geo_enabled', 'followers_friends_ratio', 'statuses_per_follower', 'engagement_rate', 'profile_completeness', 'network_reach']
2025-01-13 14:32:02,933 - INFO - Starting model training...
2025-01-13 14:32:02,946 - INFO - Training logistic...
2025-01-13 14:32:03,062 - INFO - Training rf...
2025-01-13 14:32:03,425 - INFO - Training gb...
2025-01-13 14:32:16,422 - INFO - Training completed successfully
2025-01-13 14:32:17,188 - INFO - Feature importance plot saved to figures\feature_importance.png
2025-01-13 15:28:34,810 - INFO - Logging is set up.
2025-01-13 15:28:34,811 - INFO - Loading datasets...
2025-01-13 15:28:35,242 - WARNING - Could not process created_at column for account age calculation
2025-01-13 15:28:35,243 - INFO - Using features: ['statuses_count', 'followers_count', 'friends_count', 'favourites_count', 'listed_count', 'default_profile', 'default_profile_image', 'geo_enabled', 'followers_friends_ratio', 'statuses_per_follower', 'engagement_rate', 'profile_completeness', 'network_reach']
2025-01-13 15:28:35,248 - INFO - Starting model training...
2025-01-13 15:28:35,254 - INFO - Training logistic...
2025-01-13 15:28:35,328 - INFO - Training rf...
2025-01-13 15:28:35,710 - INFO - Training gb...
2025-01-13 15:28:47,756 - INFO - Training completed successfully
2025-01-13 15:28:48,665 - INFO - Feature importance plot saved to figures\feature_importance.png
2025-01-13 17:09:58,417 - INFO - Logging is set up.
2025-01-13 17:09:58,419 - INFO - Loading datasets...
2025-01-13 17:09:58,836 - WARNING - Could not process created_at column for account age calculation
2025-01-13 17:09:58,837 - INFO - Using features: ['statuses_count', 'followers_count', 'friends_count', 'favourites_count', 'listed_count', 'default_profile', 'default_profile_image', 'geo_enabled', 'followers_friends_ratio', 'statuses_per_follower', 'engagement_rate', 'profile_completeness', 'network_reach']
2025-01-13 17:09:58,844 - INFO - Starting model training...
2025-01-13 17:09:58,854 - INFO - Training logistic...
2025-01-13 17:09:58,954 - INFO - Training rf...
2025-01-13 17:09:59,324 - INFO - Training gb...
2025-01-13 17:10:15,113 - INFO - Training completed successfully
2025-01-13 17:10:15,691 - INFO - Feature importance plot saved to figures\feature_importance.png
2025-01-13 17:32:04,953 - INFO - Logging is set up.
2025-01-13 17:32:04,954 - INFO - Loading datasets...
2025-01-13 17:32:05,334 - WARNING - Could not process created_at column for account age calculation
2025-01-13 17:32:05,334 - INFO - Using features: ['statuses_count', 'followers_count', 'friends_count', 'favourites_count', 'listed_count', 'default_profile', 'default_profile_image', 'geo_enabled', 'followers_friends_ratio', 'statuses_per_follower', 'engagement_rate', 'profile_completeness', 'network_reach']
2025-01-13 17:32:05,337 - INFO - Starting model training...
2025-01-13 17:32:05,343 - INFO - Training logistic...
2025-01-13 17:32:05,373 - INFO - Training rf...
2025-01-13 17:32:05,709 - INFO - Training gb...
2025-01-13 17:32:18,681 - INFO - Training completed successfully
2025-01-13 17:32:19,139 - INFO - Feature importance plot saved to figures\feature_importance.png
2025-01-13 18:09:04,788 - INFO - Logging is set up.
2025-01-13 18:09:04,790 - INFO - Loading datasets...
2025-01-13 18:09:05,240 - WARNING - Could not process created_at column for account age calculation
2025-01-13 18:09:05,241 - INFO - Using features: ['statuses_count', 'followers_count', 'friends_count', 'favourites_count', 'listed_count', 'default_profile', 'default_profile_image', 'geo_enabled', 'followers_friends_ratio', 'statuses_per_follower', 'engagement_rate', 'profile_completeness', 'network_reach']
2025-01-13 18:09:05,247 - INFO - Starting model training...
2025-01-13 18:09:05,258 - INFO - Training logistic...
2025-01-13 18:09:05,349 - INFO - Training rf...
2025-01-13 18:09:05,711 - INFO - Training gb...
2025-01-13 18:09:22,467 - INFO - Training completed successfully
2025-01-13 18:09:22,888 - INFO - Feature importance plot saved to figures\feature_importance.png
2025-01-13 18:30:10,862 - INFO - Logging is set up.
2025-01-13 18:30:10,864 - INFO - Loading datasets...
2025-01-13 18:30:11,904 - WARNING - Could not process created_at column for account age calculation
2025-01-13 18:30:11,906 - INFO - Using features: ['statuses_count', 'followers_count', 'friends_count', 'favourites_count', 'listed_count', 'default_profile', 'default_profile_image', 'geo_enabled', 'followers_friends_ratio', 'statuses_per_follower', 'engagement_rate', 'profile_completeness', 'network_reach']
2025-01-13 18:30:11,920 - INFO - Starting model training...
2025-01-13 18:30:11,944 - INFO - Training logistic...
2025-01-13 18:30:12,108 - INFO - Training rf...
2025-01-13 18:30:12,833 - INFO - Training gb...
2025-01-13 18:30:35,029 - INFO - Training completed successfully
2025-01-13 18:30:36,100 - INFO - Feature importance plot saved to figures\feature_importance.png
2025-01-14 19:56:24,726 - INFO - Logging is set up.
2025-01-14 19:56:24,728 - INFO - Loading datasets...
2025-01-14 19:56:26,196 - WARNING - Could not process created_at column for account age calculation
2025-01-14 19:56:26,197 - INFO - Using features: ['statuses_count', 'followers_count', 'friends_count', 'favourites_count', 'listed_count', 'default_profile', 'default_profile_image', 'geo_enabled', 'followers_friends_ratio', 'statuses_per_follower', 'engagement_rate', 'profile_completeness', 'network_reach']
2025-01-14 19:56:26,208 - INFO - Starting model training...
2025-01-14 19:56:26,228 - INFO - Training logistic...
2025-01-14 19:56:26,419 - INFO - Training rf...
2025-01-14 19:56:27,455 - INFO - Training gb...
2025-01-14 19:56:49,375 - INFO - Training completed successfully
2025-01-14 19:56:50,597 - INFO - Feature importance plot saved to figures\feature_importance.png
2025-01-14 20:05:25,326 - INFO - Logging is set up.
2025-01-14 20:05:25,327 - INFO - Loading datasets...
2025-01-14 20:05:26,326 - WARNING - Could not process created_at column for account age calculation
2025-01-14 20:05:26,327 - INFO - Using features: ['statuses_count', 'followers_count', 'friends_count', 'favourites_count', 'listed_count', 'default_profile', 'default_profile_image', 'geo_enabled', 'followers_friends_ratio', 'statuses_per_follower', 'engagement_rate', 'profile_completeness', 'network_reach']
2025-01-14 20:05:26,338 - INFO - Starting model training...
2025-01-14 20:05:26,352 - INFO - Training logistic...
2025-01-14 20:05:26,479 - INFO - Training rf...
2025-01-14 20:05:27,039 - INFO - Training gb...
2025-01-14 20:06:06,454 - INFO - Training completed successfully
2025-01-14 20:06:07,914 - INFO - Feature importance plot saved to figures\feature_importance.png
2025-01-14 20:09:51,693 - INFO - Logging is set up.
2025-01-14 20:09:51,693 - INFO - Loading datasets...
2025-01-14 20:09:52,379 - WARNING - Could not process created_at column for account age calculation
2025-01-14 20:09:52,380 - INFO - Using features: ['statuses_count', 'followers_count', 'friends_count', 'favourites_count', 'listed_count', 'default_profile', 'default_profile_image', 'geo_enabled', 'followers_friends_ratio', 'statuses_per_follower', 'engagement_rate', 'profile_completeness', 'network_reach']
2025-01-14 20:09:52,385 - INFO - Starting model training...
2025-01-14 20:09:52,401 - INFO - Training logistic...
2025-01-14 20:09:52,463 - INFO - Training rf...
2025-01-14 20:09:53,147 - INFO - Training gb...
2025-01-14 20:10:14,728 - INFO - Training completed successfully
2025-01-14 20:10:15,353 - INFO - Feature importance plot saved to figures\feature_importance.png
2025-01-14 20:14:50,518 - INFO - Logging is set up.
2025-01-14 20:14:50,518 - INFO - Loading datasets...
2025-01-14 20:14:51,504 - WARNING - Could not process created_at column for account age calculation
2025-01-14 20:14:51,505 - INFO - Using features: ['statuses_count', 'followers_count', 'friends_count', 'favourites_count', 'listed_count', 'default_profile', 'default_profile_image', 'geo_enabled', 'followers_friends_ratio', 'statuses_per_follower', 'engagement_rate', 'profile_completeness', 'network_reach']
2025-01-14 20:14:51,514 - INFO - Starting model training...
2025-01-14 20:14:51,526 - INFO - Training logistic...
2025-01-14 20:14:51,589 - INFO - Training rf...
2025-01-14 20:14:52,452 - INFO - Training gb...
2025-01-14 20:15:27,867 - INFO - Training completed successfully
2025-01-14 20:15:28,809 - INFO - Feature importance plot saved to figures\feature_importance.png
2025-01-14 20:26:00,111 - INFO - Logging is set up.
2025-01-14 20:26:00,111 - INFO - Loading datasets...
2025-01-14 20:26:01,538 - WARNING - Could not process created_at column for account age calculation
2025-01-14 20:26:01,540 - INFO - Using features: ['statuses_count', 'followers_count', 'friends_count', 'favourites_count', 'listed_count', 'default_profile', 'default_profile_image', 'geo_enabled', 'followers_friends_ratio', 'statuses_per_follower', 'engagement_rate', 'profile_completeness', 'network_reach']
2025-01-14 20:26:01,551 - INFO - Starting model training...
2025-01-14 20:26:01,585 - INFO - Training logistic...
2025-01-14 20:26:01,668 - INFO - Training rf...
2025-01-14 20:26:02,723 - INFO - Training gb...
2025-01-14 20:26:34,889 - INFO - Training completed successfully
2025-01-14 20:26:36,259 - INFO - Feature importance plot saved to figures\feature_importance.png
2025-01-14 20:48:26,456 - INFO - Logging is set up.
2025-01-14 20:48:26,458 - INFO - Loading datasets...
2025-01-14 20:48:27,867 - WARNING - Could not process created_at column for account age calculation
2025-01-14 20:48:27,868 - INFO - Using features: ['statuses_count', 'followers_count', 'friends_count', 'favourites_count', 'listed_count', 'default_profile', 'default_profile_image', 'geo_enabled', 'followers_friends_ratio', 'statuses_per_follower', 'engagement_rate', 'profile_completeness', 'network_reach']
2025-01-14 20:48:27,876 - INFO - Starting model training...
2025-01-14 20:48:27,890 - INFO - Training logistic...
2025-01-14 20:48:27,984 - INFO - Training rf...
2025-01-14 20:48:28,872 - INFO - Training gb...
2025-01-14 20:48:53,922 - INFO - Training completed successfully
2025-01-14 20:48:54,688 - INFO - Feature importance plot saved to figures\feature_importance.png
2025-01-16 14:14:43,595 - INFO - Logging is set up.
2025-01-16 14:14:43,596 - INFO - Loading datasets...
2025-01-16 14:14:44,783 - WARNING - Could not process created_at column for account age calculation
2025-01-16 14:14:44,784 - INFO - Using features: ['statuses_count', 'followers_count', 'friends_count', 'favourites_count', 'listed_count', 'default_profile', 'default_profile_image', 'geo_enabled', 'followers_friends_ratio', 'statuses_per_follower', 'engagement_rate', 'profile_completeness', 'network_reach']
2025-01-16 14:14:44,789 - INFO - Starting model training...
2025-01-16 14:14:44,799 - INFO - Training logistic...
2025-01-16 14:14:44,888 - INFO - Training rf...
2025-01-16 14:14:45,672 - INFO - Training gb...
2025-01-16 14:15:17,899 - INFO - Training completed successfully
2025-01-16 14:15:18,921 - INFO - Feature importance plot saved to figures\feature_importance.png
